<?xml version="1.0" encoding="UTF-8"?>
<coverage generated="1678870373624" clover="3.2.0">
  <project timestamp="1678870373624" name="All files">
    <metrics statements="24" coveredstatements="16" conditionals="16" coveredconditionals="7" methods="10" coveredmethods="6" elements="50" coveredelements="29" complexity="0" loc="24" ncloc="24" packages="1" files="1" classes="1"/>
    <file name="index.js" path="/Users/alex/dev/strapi/strapi/packages/providers/upload-aws-s3/lib/index.js">
      <metrics statements="24" coveredstatements="16" conditionals="16" coveredconditionals="7" methods="10" coveredmethods="6"/>
      <line num="9" count="1" type="stmt"/>
      <line num="10" count="1" type="stmt"/>
      <line num="14" count="2" type="stmt"/>
      <line num="17" count="1" type="stmt"/>
      <line num="19" count="1" type="stmt"/>
      <line num="24" count="1" type="cond" truecount="0" falsecount="1"/>
      <line num="25" count="2" type="stmt"/>
      <line num="27" count="2" type="cond" truecount="1" falsecount="1"/>
      <line num="28" count="2" type="stmt"/>
      <line num="37" count="2" type="cond" truecount="1" falsecount="1"/>
      <line num="38" count="0" type="stmt"/>
      <line num="42" count="2" type="cond" truecount="2" falsecount="0"/>
      <line num="43" count="1" type="stmt"/>
      <line num="46" count="1" type="stmt"/>
      <line num="49" count="2" type="stmt"/>
      <line num="54" count="1" type="stmt"/>
      <line num="56" count="0" type="stmt"/>
      <line num="59" count="2" type="stmt"/>
      <line num="62" count="0" type="stmt"/>
      <line num="64" count="0" type="cond" truecount="0" falsecount="2"/>
      <line num="65" count="0" type="stmt"/>
      <line num="71" count="0" type="cond" truecount="0" falsecount="2"/>
      <line num="72" count="0" type="stmt"/>
      <line num="75" count="0" type="stmt"/>
    </file>
  </project>
</coverage>
