{"/Users/alex/dev/strapi/strapi/packages/providers/upload-aws-s3/lib/index.js": {"path":"/Users/alex/dev/strapi/strapi/packages/providers/upload-aws-s3/lib/index.js","statementMap":{"0":{"start":{"line":9,"column":10},"end":{"line":9,"column":27}},"1":{"start":{"line":10,"column":12},"end":{"line":10,"column":30}},"2":{"start":{"line":14,"column":2},"end":{"line":14,"column":31}},"3":{"start":{"line":17,"column":0},"end":{"line":82,"column":2}},"4":{"start":{"line":19,"column":15},"end":{"line":22,"column":6}},"5":{"start":{"line":24,"column":19},"end":{"line":52,"column":8}},"6":{"start":{"line":25,"column":6},"end":{"line":52,"column":8}},"7":{"start":{"line":27,"column":21},"end":{"line":27,"column":53}},"8":{"start":{"line":28,"column":8},"end":{"line":51,"column":10}},"9":{"start":{"line":37,"column":12},"end":{"line":39,"column":13}},"10":{"start":{"line":38,"column":14},"end":{"line":38,"column":33}},"11":{"start":{"line":42,"column":12},"end":{"line":47,"column":13}},"12":{"start":{"line":43,"column":14},"end":{"line":43,"column":39}},"13":{"start":{"line":46,"column":14},"end":{"line":46,"column":52}},"14":{"start":{"line":49,"column":12},"end":{"line":49,"column":22}},"15":{"start":{"line":54,"column":4},"end":{"line":80,"column":6}},"16":{"start":{"line":56,"column":8},"end":{"line":56,"column":42}},"17":{"start":{"line":59,"column":8},"end":{"line":59,"column":42}},"18":{"start":{"line":62,"column":8},"end":{"line":78,"column":11}},"19":{"start":{"line":64,"column":23},"end":{"line":64,"column":55}},"20":{"start":{"line":65,"column":10},"end":{"line":77,"column":12}},"21":{"start":{"line":71,"column":14},"end":{"line":73,"column":15}},"22":{"start":{"line":72,"column":16},"end":{"line":72,"column":35}},"23":{"start":{"line":75,"column":14},"end":{"line":75,"column":24}}},"fnMap":{"0":{"name":"assertUrlProtocol","decl":{"start":{"line":12,"column":9},"end":{"line":12,"column":26}},"loc":{"start":{"line":12,"column":32},"end":{"line":15,"column":1}},"line":12},"1":{"name":"(anonymous_1)","decl":{"start":{"line":18,"column":2},"end":{"line":18,"column":3}},"loc":{"start":{"line":18,"column":15},"end":{"line":81,"column":3}},"line":18},"2":{"name":"(anonymous_2)","decl":{"start":{"line":24,"column":19},"end":{"line":24,"column":20}},"loc":{"start":{"line":25,"column":6},"end":{"line":52,"column":8}},"line":25},"3":{"name":"(anonymous_3)","decl":{"start":{"line":25,"column":18},"end":{"line":25,"column":19}},"loc":{"start":{"line":25,"column":39},"end":{"line":52,"column":7}},"line":25},"4":{"name":"(anonymous_4)","decl":{"start":{"line":36,"column":10},"end":{"line":36,"column":11}},"loc":{"start":{"line":36,"column":25},"end":{"line":50,"column":11}},"line":36},"5":{"name":"(anonymous_5)","decl":{"start":{"line":55,"column":6},"end":{"line":55,"column":7}},"loc":{"start":{"line":55,"column":44},"end":{"line":57,"column":7}},"line":55},"6":{"name":"(anonymous_6)","decl":{"start":{"line":58,"column":6},"end":{"line":58,"column":7}},"loc":{"start":{"line":58,"column":38},"end":{"line":60,"column":7}},"line":58},"7":{"name":"(anonymous_7)","decl":{"start":{"line":61,"column":6},"end":{"line":61,"column":7}},"loc":{"start":{"line":61,"column":38},"end":{"line":79,"column":7}},"line":61},"8":{"name":"(anonymous_8)","decl":{"start":{"line":62,"column":27},"end":{"line":62,"column":28}},"loc":{"start":{"line":62,"column":48},"end":{"line":78,"column":9}},"line":62},"9":{"name":"(anonymous_9)","decl":{"start":{"line":70,"column":12},"end":{"line":70,"column":13}},"loc":{"start":{"line":70,"column":27},"end":{"line":76,"column":13}},"line":70}},"branchMap":{"0":{"loc":{"start":{"line":24,"column":26},"end":{"line":24,"column":43}},"type":"default-arg","locations":[{"start":{"line":24,"column":41},"end":{"line":24,"column":43}}],"line":24},"1":{"loc":{"start":{"line":27,"column":21},"end":{"line":27,"column":53}},"type":"cond-expr","locations":[{"start":{"line":27,"column":33},"end":{"line":27,"column":48}},{"start":{"line":27,"column":51},"end":{"line":27,"column":53}}],"line":27},"2":{"loc":{"start":{"line":31,"column":18},"end":{"line":31,"column":67}},"type":"binary-expr","locations":[{"start":{"line":31,"column":18},"end":{"line":31,"column":29}},{"start":{"line":31,"column":33},"end":{"line":31,"column":67}}],"line":31},"3":{"loc":{"start":{"line":37,"column":12},"end":{"line":39,"column":13}},"type":"if","locations":[{"start":{"line":37,"column":12},"end":{"line":39,"column":13}},{"start":{},"end":{}}],"line":37},"4":{"loc":{"start":{"line":42,"column":12},"end":{"line":47,"column":13}},"type":"if","locations":[{"start":{"line":42,"column":12},"end":{"line":47,"column":13}},{"start":{"line":44,"column":19},"end":{"line":47,"column":13}}],"line":42},"5":{"loc":{"start":{"line":55,"column":25},"end":{"line":55,"column":42}},"type":"default-arg","locations":[{"start":{"line":55,"column":40},"end":{"line":55,"column":42}}],"line":55},"6":{"loc":{"start":{"line":58,"column":19},"end":{"line":58,"column":36}},"type":"default-arg","locations":[{"start":{"line":58,"column":34},"end":{"line":58,"column":36}}],"line":58},"7":{"loc":{"start":{"line":61,"column":19},"end":{"line":61,"column":36}},"type":"default-arg","locations":[{"start":{"line":61,"column":34},"end":{"line":61,"column":36}}],"line":61},"8":{"loc":{"start":{"line":64,"column":23},"end":{"line":64,"column":55}},"type":"cond-expr","locations":[{"start":{"line":64,"column":35},"end":{"line":64,"column":50}},{"start":{"line":64,"column":53},"end":{"line":64,"column":55}}],"line":64},"9":{"loc":{"start":{"line":71,"column":14},"end":{"line":73,"column":15}},"type":"if","locations":[{"start":{"line":71,"column":14},"end":{"line":73,"column":15}},{"start":{},"end":{}}],"line":71}},"s":{"0":1,"1":1,"2":2,"3":1,"4":1,"5":1,"6":2,"7":2,"8":2,"9":2,"10":0,"11":2,"12":1,"13":1,"14":2,"15":1,"16":0,"17":2,"18":0,"19":0,"20":0,"21":0,"22":0,"23":0},"f":{"0":2,"1":1,"2":2,"3":2,"4":2,"5":0,"6":2,"7":0,"8":0,"9":0},"b":{"0":[0],"1":[2,0],"2":[2,2],"3":[0,2],"4":[1,1],"5":[0],"6":[2],"7":[0],"8":[0,0],"9":[0,0]},"_coverageSchema":"1a1c01bbd47fc00a2c39e90264f33305004495a9","hash":"d0105ba94d97f354c5ac0c44cd0ebc28f5276090"}
}
